{
  "RSpec": {
    "coverage": {
      "C:/ruby/first/spec/lib/cart_spec.rb": [
        1,
        1,
        1,
        null,
        1,
        1,
        1,
        1,
        1,
        1,
        null,
        null,
        null
      ],
      "C:/ruby/first/lib/cart.rb": [
        1,
        1,
        1,
        9,
        9,
        null,
        null
      ],
      "C:/ruby/first/spec/lib/game_spec.rb": [
        1,
        1,
        1,
        null,
        1,
        1,
        1,
        1,
        1,
        1,
        1,
        1,
        1,
        1,
        null,
        null,
        null
      ],
      "C:/ruby/first/lib/game.rb": [
        1,
        1,
        1,
        8,
        8,
        8,
        8,
        8,
        8,
        null,
        null
      ],
      "C:/ruby/first/spec/lib/user_spec.rb": [
        1,
        1,
        1,
        null,
        1,
        1,
        1,
        1,
        1,
        1,
        1,
        1,
        1,
        1,
        null,
        null,
        1,
        1,
        1,
        1,
        4,
        1,
        2,
        2,
        null,
        1,
        1,
        1,
        1,
        1,
        1,
        1,
        null,
        1,
        1,
        1,
        1,
        2,
        4,
        1,
        2,
        null,
        null,
        1,
        1,
        1,
        1,
        1,
        null,
        1,
        1,
        1,
        2,
        1,
        2,
        1,
        4,
        1,
        null,
        1,
        1,
        2,
        1,
        1,
        4,
        null,
        1,
        1,
        1,
        1,
        1,
        1,
        1,
        null,
        null,
        null
      ],
      "C:/ruby/first/lib/user.rb": [
        1,
        1,
        1,
        1,
        8,
        8,
        8,
        8,
        8,
        8,
        null,
        null,
        1,
        7,
        6,
        1,
        null,
        5,
        5,
        null,
        null,
        1,
        null,
        null,
        null,
        1,
        3,
        3,
        null,
        null,
        1,
        3,
        2,
        1,
        1,
        null,
        1,
        null,
        null,
        1,
        null,
        null,
        null,
        1,
        4,
        1,
        null,
        3,
        1,
        null,
        2,
        4,
        2,
        2,
        2,
        null,
        null,
        null,
        null,
        1,
        4,
        1,
        null,
        4,
        null,
        null,
        null
      ]
    },
    "timestamp": 1412538812
  }
}
